<?xml version="1.0" encoding="UTF-8"?>
<testsuite xmlns:xsi="http://www.w3.org/2001/XMLSchema-instance" xsi:noNamespaceSchemaLocation="https://maven.apache.org/surefire/maven-surefire-plugin/xsd/surefire-test-report.xsd" name="com.codingdojo.BowlingTest" time="0.089" tests="7" errors="0" skipped="0" failures="0">
  <properties>
[...]
</properties>
  <testcase name="oneStrikeTest" classname="com.codingdojo.BowlingTest" time="0.003"/>
  <testcase name="perfectGameTest" classname="com.codingdojo.BowlingTest" time="0"/>
  <testcase name="fiveAndSpares" classname="com.codingdojo.BowlingTest" time="0"/>
  <testcase name="oneSpareTest" classname="com.codingdojo.BowlingTest" time="0"/>
  <testcase name="zeroesAndOnesTest" classname="com.codingdojo.BowlingTest" time="0"/>
  <testcase name="customScenario" classname="com.codingdojo.BowlingTest" time="0"/>
  <testcase name="ninesAndZeroes" classname="com.codingdojo.BowlingTest" time="0"/>
</testsuite>